[0.192s] [34mcolcon[0m [1;30mDEBUG[0m [32mCommand line arguments: ['/Users/lakshya/miniconda3/envs/ros2/bin/colcon', 'build', '--packages-select', 'intensity_estimator', '--cmake-args', '-DPYTHON_EXECUTABLE=/Users/lakshya/miniconda3/envs/ros2/bin/python3'][0m
[0.192s] [34mcolcon[0m [1;30mDEBUG[0m [32mParsed command line arguments: Namespace(log_base=None, log_level=None, verb_name='build', build_base='build', install_base='install', merge_install=False, symlink_install=False, test_result_base=None, continue_on_error=False, executor='parallel', parallel_workers=10, event_handlers=None, ignore_user_meta=False, metas=['./colcon.meta'], base_paths=['.'], packages_ignore=None, packages_ignore_regex=None, paths=None, packages_up_to=None, packages_up_to_regex=None, packages_above=None, packages_above_and_dependencies=None, packages_above_depth=None, packages_select_by_dep=None, packages_skip_by_dep=None, packages_skip_up_to=None, packages_select_build_failed=False, packages_skip_build_finished=False, packages_select_test_failures=False, packages_skip_test_passed=False, packages_select=['intensity_estimator'], packages_skip=None, packages_select_regex=None, packages_skip_regex=None, packages_start=None, packages_end=None, cmake_args=['-DPYTHON_EXECUTABLE=/Users/lakshya/miniconda3/envs/ros2/bin/python3'], cmake_target=None, cmake_target_skip_unavailable=False, cmake_clean_cache=False, cmake_clean_first=False, cmake_force_configure=False, ament_cmake_args=None, catkin_cmake_args=None, catkin_skip_building_tests=False, mixin_files=None, mixin=None, verb_parser=<colcon_mixin.mixin.mixin_argument.MixinArgumentDecorator object at 0x102408e90>, verb_extension=<colcon_core.verb.build.BuildVerb object at 0x102408a90>, main=<bound method BuildVerb.main of <colcon_core.verb.build.BuildVerb object at 0x102408a90>>, mixin_verb=('build',))[0m
[0.231s] [34mcolcon.colcon_core.package_discovery[0m [1;30mLevel 1[0m discover_packages(colcon_meta) check parameters
[0.231s] [34mcolcon.colcon_core.package_discovery[0m [1;30mLevel 1[0m discover_packages(recursive) check parameters
[0.231s] [34mcolcon.colcon_core.package_discovery[0m [1;30mLevel 1[0m discover_packages(ignore) check parameters
[0.231s] [34mcolcon.colcon_core.package_discovery[0m [1;30mLevel 1[0m discover_packages(path) check parameters
[0.231s] [34mcolcon.colcon_core.package_discovery[0m [1;30mLevel 1[0m discover_packages(colcon_meta) discover
[0.231s] [34mcolcon.colcon_core.package_discovery[0m [1;30mLevel 1[0m discover_packages(recursive) discover
[0.231s] [34mcolcon.colcon_core.package_discovery[0m [1;30mINFO[0m Crawling recursively for packages in '/Users/lakshya/Library/CloudStorage/OneDrive-IITKanpur/IITK/ROS'
[0.231s] [34mcolcon.colcon_core.package_identification[0m [1;30mLevel 1[0m _identify(.) by extensions ['ignore', 'ignore_ament_install']
[0.231s] [34mcolcon.colcon_core.package_identification[0m [1;30mLevel 1[0m _identify(.) by extension 'ignore'
[0.231s] [34mcolcon.colcon_core.package_identification[0m [1;30mLevel 1[0m _identify(.) by extension 'ignore_ament_install'
[0.231s] [34mcolcon.colcon_core.package_identification[0m [1;30mLevel 1[0m _identify(.) by extensions ['colcon_pkg']
[0.231s] [34mcolcon.colcon_core.package_identification[0m [1;30mLevel 1[0m _identify(.) by extension 'colcon_pkg'
[0.231s] [34mcolcon.colcon_core.package_identification[0m [1;30mLevel 1[0m _identify(.) by extensions ['colcon_meta']
[0.231s] [34mcolcon.colcon_core.package_identification[0m [1;30mLevel 1[0m _identify(.) by extension 'colcon_meta'
[0.231s] [34mcolcon.colcon_core.package_identification[0m [1;30mLevel 1[0m _identify(.) by extensions ['ros']
[0.231s] [34mcolcon.colcon_core.package_identification[0m [1;30mLevel 1[0m _identify(.) by extension 'ros'
[0.253s] [34mcolcon.colcon_core.package_identification[0m [1;30mLevel 1[0m _identify(.) by extensions ['cmake', 'python']
[0.253s] [34mcolcon.colcon_core.package_identification[0m [1;30mLevel 1[0m _identify(.) by extension 'cmake'
[0.253s] [34mcolcon.colcon_core.package_identification[0m [1;30mLevel 1[0m _identify(.) by extension 'python'
[0.253s] [34mcolcon.colcon_core.package_identification[0m [1;30mLevel 1[0m _identify(.) by extensions ['python_setup_py']
[0.253s] [34mcolcon.colcon_core.package_identification[0m [1;30mLevel 1[0m _identify(.) by extension 'python_setup_py'
[0.253s] [34mcolcon.colcon_core.package_identification[0m [1;30mLevel 1[0m _identify(build) by extensions ['ignore', 'ignore_ament_install']
[0.253s] [34mcolcon.colcon_core.package_identification[0m [1;30mLevel 1[0m _identify(build) by extension 'ignore'
[0.253s] [34mcolcon.colcon_core.package_identification[0m [1;30mLevel 1[0m _identify(build) ignored
[0.253s] [34mcolcon.colcon_core.package_identification[0m [1;30mLevel 1[0m _identify(install) by extensions ['ignore', 'ignore_ament_install']
[0.253s] [34mcolcon.colcon_core.package_identification[0m [1;30mLevel 1[0m _identify(install) by extension 'ignore'
[0.253s] [34mcolcon.colcon_core.package_identification[0m [1;30mLevel 1[0m _identify(install) ignored
[0.253s] [34mcolcon.colcon_core.package_identification[0m [1;30mLevel 1[0m _identify(log) by extensions ['ignore', 'ignore_ament_install']
[0.253s] [34mcolcon.colcon_core.package_identification[0m [1;30mLevel 1[0m _identify(log) by extension 'ignore'
[0.253s] [34mcolcon.colcon_core.package_identification[0m [1;30mLevel 1[0m _identify(log) ignored
[0.253s] [34mcolcon.colcon_core.package_identification[0m [1;30mLevel 1[0m _identify(src) by extensions ['ignore', 'ignore_ament_install']
[0.253s] [34mcolcon.colcon_core.package_identification[0m [1;30mLevel 1[0m _identify(src) by extension 'ignore'
[0.253s] [34mcolcon.colcon_core.package_identification[0m [1;30mLevel 1[0m _identify(src) by extension 'ignore_ament_install'
[0.253s] [34mcolcon.colcon_core.package_identification[0m [1;30mLevel 1[0m _identify(src) by extensions ['colcon_pkg']
[0.253s] [34mcolcon.colcon_core.package_identification[0m [1;30mLevel 1[0m _identify(src) by extension 'colcon_pkg'
[0.253s] [34mcolcon.colcon_core.package_identification[0m [1;30mLevel 1[0m _identify(src) by extensions ['colcon_meta']
[0.253s] [34mcolcon.colcon_core.package_identification[0m [1;30mLevel 1[0m _identify(src) by extension 'colcon_meta'
[0.253s] [34mcolcon.colcon_core.package_identification[0m [1;30mLevel 1[0m _identify(src) by extensions ['ros']
[0.253s] [34mcolcon.colcon_core.package_identification[0m [1;30mLevel 1[0m _identify(src) by extension 'ros'
[0.253s] [34mcolcon.colcon_core.package_identification[0m [1;30mLevel 1[0m _identify(src) by extensions ['cmake', 'python']
[0.253s] [34mcolcon.colcon_core.package_identification[0m [1;30mLevel 1[0m _identify(src) by extension 'cmake'
[0.253s] [34mcolcon.colcon_core.package_identification[0m [1;30mLevel 1[0m _identify(src) by extension 'python'
[0.253s] [34mcolcon.colcon_core.package_identification[0m [1;30mLevel 1[0m _identify(src) by extensions ['python_setup_py']
[0.253s] [34mcolcon.colcon_core.package_identification[0m [1;30mLevel 1[0m _identify(src) by extension 'python_setup_py'
[0.253s] [34mcolcon.colcon_core.package_identification[0m [1;30mLevel 1[0m _identify(src/intensity_estimator) by extensions ['ignore', 'ignore_ament_install']
[0.253s] [34mcolcon.colcon_core.package_identification[0m [1;30mLevel 1[0m _identify(src/intensity_estimator) by extension 'ignore'
[0.253s] [34mcolcon.colcon_core.package_identification[0m [1;30mLevel 1[0m _identify(src/intensity_estimator) by extension 'ignore_ament_install'
[0.253s] [34mcolcon.colcon_core.package_identification[0m [1;30mLevel 1[0m _identify(src/intensity_estimator) by extensions ['colcon_pkg']
[0.253s] [34mcolcon.colcon_core.package_identification[0m [1;30mLevel 1[0m _identify(src/intensity_estimator) by extension 'colcon_pkg'
[0.253s] [34mcolcon.colcon_core.package_identification[0m [1;30mLevel 1[0m _identify(src/intensity_estimator) by extensions ['colcon_meta']
[0.253s] [34mcolcon.colcon_core.package_identification[0m [1;30mLevel 1[0m _identify(src/intensity_estimator) by extension 'colcon_meta'
[0.254s] [34mcolcon.colcon_core.package_identification[0m [1;30mLevel 1[0m _identify(src/intensity_estimator) by extensions ['ros']
[0.254s] [34mcolcon.colcon_core.package_identification[0m [1;30mLevel 1[0m _identify(src/intensity_estimator) by extension 'ros'
[0.255s] [34mcolcon.colcon_core.package_identification[0m [1;30mDEBUG[0m [32mPackage 'src/intensity_estimator' with type 'ros.ament_python' and name 'intensity_estimator'[0m
[0.255s] [34mcolcon.colcon_core.package_discovery[0m [1;30mLevel 1[0m discover_packages(recursive) using defaults
[0.255s] [34mcolcon.colcon_core.package_discovery[0m [1;30mLevel 1[0m discover_packages(ignore) discover
[0.255s] [34mcolcon.colcon_core.package_discovery[0m [1;30mLevel 1[0m discover_packages(ignore) using defaults
[0.255s] [34mcolcon.colcon_core.package_discovery[0m [1;30mLevel 1[0m discover_packages(path) discover
[0.255s] [34mcolcon.colcon_core.package_discovery[0m [1;30mLevel 1[0m discover_packages(path) using defaults
[0.266s] [34mcolcon.colcon_core.verb[0m [1;30mLevel 5[0m set package 'intensity_estimator' build argument 'cmake_args' from command line to '['-DPYTHON_EXECUTABLE=/Users/lakshya/miniconda3/envs/ros2/bin/python3']'
[0.266s] [34mcolcon.colcon_core.verb[0m [1;30mLevel 5[0m set package 'intensity_estimator' build argument 'cmake_target' from command line to 'None'
[0.266s] [34mcolcon.colcon_core.verb[0m [1;30mLevel 5[0m set package 'intensity_estimator' build argument 'cmake_target_skip_unavailable' from command line to 'False'
[0.266s] [34mcolcon.colcon_core.verb[0m [1;30mLevel 5[0m set package 'intensity_estimator' build argument 'cmake_clean_cache' from command line to 'False'
[0.266s] [34mcolcon.colcon_core.verb[0m [1;30mLevel 5[0m set package 'intensity_estimator' build argument 'cmake_clean_first' from command line to 'False'
[0.266s] [34mcolcon.colcon_core.verb[0m [1;30mLevel 5[0m set package 'intensity_estimator' build argument 'cmake_force_configure' from command line to 'False'
[0.266s] [34mcolcon.colcon_core.verb[0m [1;30mLevel 5[0m set package 'intensity_estimator' build argument 'ament_cmake_args' from command line to 'None'
[0.266s] [34mcolcon.colcon_core.verb[0m [1;30mLevel 5[0m set package 'intensity_estimator' build argument 'catkin_cmake_args' from command line to 'None'
[0.266s] [34mcolcon.colcon_core.verb[0m [1;30mLevel 5[0m set package 'intensity_estimator' build argument 'catkin_skip_building_tests' from command line to 'False'
[0.266s] [34mcolcon.colcon_core.verb[0m [1;30mDEBUG[0m [32mBuilding package 'intensity_estimator' with the following arguments: {'ament_cmake_args': None, 'build_base': '/Users/lakshya/Library/CloudStorage/OneDrive-IITKanpur/IITK/ROS/build/intensity_estimator', 'catkin_cmake_args': None, 'catkin_skip_building_tests': False, 'cmake_args': ['-DPYTHON_EXECUTABLE=/Users/lakshya/miniconda3/envs/ros2/bin/python3'], 'cmake_clean_cache': False, 'cmake_clean_first': False, 'cmake_force_configure': False, 'cmake_target': None, 'cmake_target_skip_unavailable': False, 'install_base': '/Users/lakshya/Library/CloudStorage/OneDrive-IITKanpur/IITK/ROS/install/intensity_estimator', 'merge_install': False, 'path': '/Users/lakshya/Library/CloudStorage/OneDrive-IITKanpur/IITK/ROS/src/intensity_estimator', 'symlink_install': False, 'test_result_base': None}[0m
[0.266s] [34mcolcon.colcon_core.executor[0m [1;30mINFO[0m Executing jobs using 'parallel' executor
[0.267s] [34mcolcon.colcon_parallel_executor.executor.parallel[0m [1;30mDEBUG[0m [32mrun_until_complete[0m
[0.267s] [34mcolcon.colcon_ros.task.ament_python.build[0m [1;30mINFO[0m Building ROS package in '/Users/lakshya/Library/CloudStorage/OneDrive-IITKanpur/IITK/ROS/src/intensity_estimator' with build type 'ament_python'
[0.267s] [34mcolcon.colcon_core.shell[0m [1;30mLevel 1[0m create_environment_hook('intensity_estimator', 'ament_prefix_path')
[0.269s] [34mcolcon.colcon_core.plugin_system[0m [1;30mINFO[0m Skipping extension 'colcon_core.shell.bat': Not used on non-Windows systems
[0.269s] [34mcolcon.colcon_core.shell[0m [1;30mINFO[0m Creating environment hook '/Users/lakshya/Library/CloudStorage/OneDrive-IITKanpur/IITK/ROS/install/intensity_estimator/share/intensity_estimator/hook/ament_prefix_path.ps1'
[0.270s] [34mcolcon.colcon_core.shell[0m [1;30mINFO[0m Creating environment descriptor '/Users/lakshya/Library/CloudStorage/OneDrive-IITKanpur/IITK/ROS/install/intensity_estimator/share/intensity_estimator/hook/ament_prefix_path.dsv'
[0.270s] [34mcolcon.colcon_core.shell[0m [1;30mINFO[0m Creating environment hook '/Users/lakshya/Library/CloudStorage/OneDrive-IITKanpur/IITK/ROS/install/intensity_estimator/share/intensity_estimator/hook/ament_prefix_path.sh'
[0.271s] [34mcolcon.colcon_core.shell[0m [1;30mINFO[0m Skip shell extension 'powershell' for command environment: Not usable outside of PowerShell
[0.271s] [34mcolcon.colcon_core.shell[0m [1;30mDEBUG[0m [32mSkip shell extension 'dsv' for command environment[0m
[0.399s] [34mcolcon.colcon_core.task.python.build[0m [1;30mINFO[0m Building Python package in '/Users/lakshya/Library/CloudStorage/OneDrive-IITKanpur/IITK/ROS/src/intensity_estimator'
[0.399s] [34mcolcon.colcon_core.shell[0m [1;30mINFO[0m Skip shell extension 'powershell' for command environment: Not usable outside of PowerShell
[0.399s] [34mcolcon.colcon_core.shell[0m [1;30mDEBUG[0m [32mSkip shell extension 'dsv' for command environment[0m
[0.613s] [34mcolcon.colcon_core.event_handler.log_command[0m [1;30mDEBUG[0m [32mInvoking command in '/Users/lakshya/Library/CloudStorage/OneDrive-IITKanpur/IITK/ROS/src/intensity_estimator': CONDA_PROMPT_MODIFIER=(ros2) PYTHONPATH=/Users/lakshya/Library/CloudStorage/OneDrive-IITKanpur/IITK/ROS/build/intensity_estimator/prefix_override:/Users/lakshya/miniconda3/envs/ros2/lib/python3.11/site-packages/colcon_core/task/python/colcon_distutils_commands:/Users/lakshya/Library/CloudStorage/OneDrive-IITKanpur/IITK/ROS/install/intensity_estimator/lib/python3.11/site-packages:${PYTHONPATH} SHLVL=2 _=/usr/bin/env __CF_USER_TEXT_ENCODING=0x1F5:0x0:0x0 /Users/lakshya/miniconda3/envs/ros2/bin/python3.11 -W ignore:setup.py install is deprecated -W ignore:easy_install command is deprecated setup.py egg_info --egg-base ../../build/intensity_estimator build --build-base /Users/lakshya/Library/CloudStorage/OneDrive-IITKanpur/IITK/ROS/build/intensity_estimator/build install --record /Users/lakshya/Library/CloudStorage/OneDrive-IITKanpur/IITK/ROS/build/intensity_estimator/install.log --single-version-externally-managed install_data[0m
[0.812s] [34mcolcon.colcon_core.event_handler.log_command[0m [1;30mDEBUG[0m [32mInvoked command in '/Users/lakshya/Library/CloudStorage/OneDrive-IITKanpur/IITK/ROS/src/intensity_estimator' returned '0': CONDA_PROMPT_MODIFIER=(ros2) PYTHONPATH=/Users/lakshya/Library/CloudStorage/OneDrive-IITKanpur/IITK/ROS/build/intensity_estimator/prefix_override:/Users/lakshya/miniconda3/envs/ros2/lib/python3.11/site-packages/colcon_core/task/python/colcon_distutils_commands:/Users/lakshya/Library/CloudStorage/OneDrive-IITKanpur/IITK/ROS/install/intensity_estimator/lib/python3.11/site-packages:${PYTHONPATH} SHLVL=2 _=/usr/bin/env __CF_USER_TEXT_ENCODING=0x1F5:0x0:0x0 /Users/lakshya/miniconda3/envs/ros2/bin/python3.11 -W ignore:setup.py install is deprecated -W ignore:easy_install command is deprecated setup.py egg_info --egg-base ../../build/intensity_estimator build --build-base /Users/lakshya/Library/CloudStorage/OneDrive-IITKanpur/IITK/ROS/build/intensity_estimator/build install --record /Users/lakshya/Library/CloudStorage/OneDrive-IITKanpur/IITK/ROS/build/intensity_estimator/install.log --single-version-externally-managed install_data[0m
[0.815s] [34mcolcon.colcon_core.environment[0m [1;30mLevel 1[0m checking '/Users/lakshya/Library/CloudStorage/OneDrive-IITKanpur/IITK/ROS/install/intensity_estimator' for CMake module files
[0.815s] [34mcolcon.colcon_core.environment[0m [1;30mLevel 1[0m checking '/Users/lakshya/Library/CloudStorage/OneDrive-IITKanpur/IITK/ROS/install/intensity_estimator' for CMake config files
[0.816s] [34mcolcon.colcon_core.environment[0m [1;30mLevel 1[0m checking '/Users/lakshya/Library/CloudStorage/OneDrive-IITKanpur/IITK/ROS/install/intensity_estimator/lib'
[0.816s] [34mcolcon.colcon_core.environment[0m [1;30mLevel 1[0m checking '/Users/lakshya/Library/CloudStorage/OneDrive-IITKanpur/IITK/ROS/install/intensity_estimator/bin'
[0.816s] [34mcolcon.colcon_core.environment[0m [1;30mLevel 1[0m checking '/Users/lakshya/Library/CloudStorage/OneDrive-IITKanpur/IITK/ROS/install/intensity_estimator/lib/pkgconfig/intensity_estimator.pc'
[0.816s] [34mcolcon.colcon_core.environment[0m [1;30mLevel 1[0m checking '/Users/lakshya/Library/CloudStorage/OneDrive-IITKanpur/IITK/ROS/install/intensity_estimator/lib/python3.11/site-packages'
[0.816s] [34mcolcon.colcon_core.shell[0m [1;30mLevel 1[0m create_environment_hook('intensity_estimator', 'pythonpath')
[0.816s] [34mcolcon.colcon_core.shell[0m [1;30mINFO[0m Creating environment hook '/Users/lakshya/Library/CloudStorage/OneDrive-IITKanpur/IITK/ROS/install/intensity_estimator/share/intensity_estimator/hook/pythonpath.ps1'
[0.817s] [34mcolcon.colcon_core.shell[0m [1;30mINFO[0m Creating environment descriptor '/Users/lakshya/Library/CloudStorage/OneDrive-IITKanpur/IITK/ROS/install/intensity_estimator/share/intensity_estimator/hook/pythonpath.dsv'
[0.817s] [34mcolcon.colcon_core.shell[0m [1;30mINFO[0m Creating environment hook '/Users/lakshya/Library/CloudStorage/OneDrive-IITKanpur/IITK/ROS/install/intensity_estimator/share/intensity_estimator/hook/pythonpath.sh'
[0.817s] [34mcolcon.colcon_core.environment[0m [1;30mLevel 1[0m checking '/Users/lakshya/Library/CloudStorage/OneDrive-IITKanpur/IITK/ROS/install/intensity_estimator/bin'
[0.817s] [34mcolcon.colcon_core.environment[0m [1;30mLevel 1[0m create_environment_scripts_only(intensity_estimator)
[0.817s] [34mcolcon.colcon_core.shell[0m [1;30mINFO[0m Creating package script '/Users/lakshya/Library/CloudStorage/OneDrive-IITKanpur/IITK/ROS/install/intensity_estimator/share/intensity_estimator/package.ps1'
[0.818s] [34mcolcon.colcon_core.shell[0m [1;30mINFO[0m Creating package descriptor '/Users/lakshya/Library/CloudStorage/OneDrive-IITKanpur/IITK/ROS/install/intensity_estimator/share/intensity_estimator/package.dsv'
[0.819s] [34mcolcon.colcon_core.shell[0m [1;30mINFO[0m Creating package script '/Users/lakshya/Library/CloudStorage/OneDrive-IITKanpur/IITK/ROS/install/intensity_estimator/share/intensity_estimator/package.sh'
[0.819s] [34mcolcon.colcon_core.shell[0m [1;30mINFO[0m Creating package script '/Users/lakshya/Library/CloudStorage/OneDrive-IITKanpur/IITK/ROS/install/intensity_estimator/share/intensity_estimator/package.bash'
[0.820s] [34mcolcon.colcon_core.shell[0m [1;30mINFO[0m Creating package script '/Users/lakshya/Library/CloudStorage/OneDrive-IITKanpur/IITK/ROS/install/intensity_estimator/share/intensity_estimator/package.zsh'
[0.820s] [34mcolcon.colcon_core.environment[0m [1;30mLevel 1[0m create_file_with_runtime_dependencies(/Users/lakshya/Library/CloudStorage/OneDrive-IITKanpur/IITK/ROS/install/intensity_estimator/share/colcon-core/packages/intensity_estimator)
[0.820s] [34mcolcon.colcon_parallel_executor.executor.parallel[0m [1;30mDEBUG[0m [32mclosing loop[0m
[0.820s] [34mcolcon.colcon_parallel_executor.executor.parallel[0m [1;30mDEBUG[0m [32mloop closed[0m
[0.820s] [34mcolcon.colcon_parallel_executor.executor.parallel[0m [1;30mDEBUG[0m [32mrun_until_complete finished with '0'[0m
[0.820s] [34mcolcon.colcon_core.event_reactor[0m [1;30mDEBUG[0m [32mjoining thread[0m
[0.821s] [34mcolcon.colcon_core.event_reactor[0m [1;30mDEBUG[0m [32mjoined thread[0m
[0.821s] [34mcolcon.colcon_core.shell[0m [1;30mINFO[0m Creating prefix script '/Users/lakshya/Library/CloudStorage/OneDrive-IITKanpur/IITK/ROS/install/local_setup.ps1'
[0.821s] [34mcolcon.colcon_core.shell[0m [1;30mINFO[0m Creating prefix util module '/Users/lakshya/Library/CloudStorage/OneDrive-IITKanpur/IITK/ROS/install/_local_setup_util_ps1.py'
[0.822s] [34mcolcon.colcon_core.shell[0m [1;30mINFO[0m Creating prefix chain script '/Users/lakshya/Library/CloudStorage/OneDrive-IITKanpur/IITK/ROS/install/setup.ps1'
[0.823s] [34mcolcon.colcon_core.shell[0m [1;30mINFO[0m Creating prefix script '/Users/lakshya/Library/CloudStorage/OneDrive-IITKanpur/IITK/ROS/install/local_setup.sh'
[0.823s] [34mcolcon.colcon_core.shell[0m [1;30mINFO[0m Creating prefix util module '/Users/lakshya/Library/CloudStorage/OneDrive-IITKanpur/IITK/ROS/install/_local_setup_util_sh.py'
[0.823s] [34mcolcon.colcon_core.shell[0m [1;30mINFO[0m Creating prefix chain script '/Users/lakshya/Library/CloudStorage/OneDrive-IITKanpur/IITK/ROS/install/setup.sh'
[0.824s] [34mcolcon.colcon_core.shell[0m [1;30mINFO[0m Creating prefix script '/Users/lakshya/Library/CloudStorage/OneDrive-IITKanpur/IITK/ROS/install/local_setup.bash'
[0.824s] [34mcolcon.colcon_core.shell[0m [1;30mINFO[0m Creating prefix chain script '/Users/lakshya/Library/CloudStorage/OneDrive-IITKanpur/IITK/ROS/install/setup.bash'
[0.825s] [34mcolcon.colcon_core.shell[0m [1;30mINFO[0m Creating prefix script '/Users/lakshya/Library/CloudStorage/OneDrive-IITKanpur/IITK/ROS/install/local_setup.zsh'
[0.825s] [34mcolcon.colcon_core.shell[0m [1;30mINFO[0m Creating prefix chain script '/Users/lakshya/Library/CloudStorage/OneDrive-IITKanpur/IITK/ROS/install/setup.zsh'
